c:\users\lukim\source\repos\mp\mp_projekt_jankos_konieczny_koralik\mp_projekt\x64\debug\vc143.pdb
c:\users\lukim\source\repos\mp\mp_projekt_jankos_konieczny_koralik\mp_projekt\x64\debug\vc143.idb
c:\users\lukim\source\repos\mp\mp_projekt_jankos_konieczny_koralik\mp_projekt\x64\debug\sortingalg.obj
c:\users\lukim\source\repos\mp\mp_projekt_jankos_konieczny_koralik\mp_projekt\x64\debug\quicksort.obj
c:\users\lukim\source\repos\mp\mp_projekt_jankos_konieczny_koralik\mp_projekt\x64\debug\mp_projekt.obj
c:\users\lukim\source\repos\mp\mp_projekt_jankos_konieczny_koralik\mp_projekt\x64\debug\mergesort.obj
c:\users\lukim\source\repos\mp\mp_projekt_jankos_konieczny_koralik\mp_projekt\x64\debug\menu.obj
c:\users\lukim\source\repos\mp\mp_projekt_jankos_konieczny_koralik\mp_projekt\x64\debug\heapsort.obj
c:\users\lukim\source\repos\mp\mp_projekt_jankos_konieczny_koralik\mp_projekt\x64\debug\bubblesort.obj
c:\users\lukim\source\repos\mp\mp_projekt_jankos_konieczny_koralik\x64\debug\mp_projekt.exe
c:\users\lukim\source\repos\mp\mp_projekt_jankos_konieczny_koralik\x64\debug\mp_projekt.pdb
c:\users\lukim\source\repos\mp\mp_projekt_jankos_konieczny_koralik\mp_projekt\x64\debug\mp_projekt.ilk
c:\users\lukim\source\repos\mp\mp_projekt_jankos_konieczny_koralik\mp_projekt\x64\debug\mp_projekt.tlog\cl.command.1.tlog
c:\users\lukim\source\repos\mp\mp_projekt_jankos_konieczny_koralik\mp_projekt\x64\debug\mp_projekt.tlog\cl.items.tlog
c:\users\lukim\source\repos\mp\mp_projekt_jankos_konieczny_koralik\mp_projekt\x64\debug\mp_projekt.tlog\cl.read.1.tlog
c:\users\lukim\source\repos\mp\mp_projekt_jankos_konieczny_koralik\mp_projekt\x64\debug\mp_projekt.tlog\cl.write.1.tlog
c:\users\lukim\source\repos\mp\mp_projekt_jankos_konieczny_koralik\mp_projekt\x64\debug\mp_projekt.tlog\link.command.1.tlog
c:\users\lukim\source\repos\mp\mp_projekt_jankos_konieczny_koralik\mp_projekt\x64\debug\mp_projekt.tlog\link.read.1.tlog
c:\users\lukim\source\repos\mp\mp_projekt_jankos_konieczny_koralik\mp_projekt\x64\debug\mp_projekt.tlog\link.secondary.1.tlog
c:\users\lukim\source\repos\mp\mp_projekt_jankos_konieczny_koralik\mp_projekt\x64\debug\mp_projekt.tlog\link.write.1.tlog
